-----------------------------------------------------------------------------

Input images    : NGC2639_g.fits,NGC2639_r.fits,NGC2639_i.fits [1:482,1:319] 
Init. par. file : galfit.feedme 
Restart file    : ../outputs/NGC2639_ss.galfit.01 
Output image    : ../outputs/NGC2639_ss.fits 

 g  : sky       : [241.50, 160.00]    [5.27]  [0.00e+00]  [0.00e+00]
                                 [0.00]  [0.00e+00]  [0.00e+00]
 r  : sky       : [241.50, 160.00]    [2.88]  [0.00e+00]  [0.00e+00]
                                 [0.00]  [0.00e+00]  [0.00e+00]
 i  : sky       : [241.50, 160.00]    [3.47]  [0.00e+00]  [0.00e+00]
                                 [0.00]  [0.00e+00]  [0.00e+00]
 g  : sersic    : (  227.49,   163.36)   12.90     43.41    2.03    0.52   -88.41
                  (    0.00,     0.00)    0.00      0.00    0.00    0.00     0.00
 r  : sersic    : (  322.47,   247.57)   12.23     44.30    2.16    0.52   -88.41
                  (    0.00,     0.00)    0.00      0.00    0.00    0.00     0.00
 i  : sersic    : (  294.85,   214.96)   11.72     45.15    2.27    0.52   -88.41
                  (    0.00,     0.00)    0.00      0.00    0.00    0.00     0.00
 Chi^2 = 485965.51988,  ndof = 461263
 Chi^2/nu = 1.054 

-----------------------------------------------------------------------------
-----------------------------------------------------------------------------

Input images    : NGC2639_g.fits,NGC2639_r.fits,NGC2639_i.fits [1:482,1:319] 
Init. par. file : galfit.feedme 
Restart file    : ../outputs/NGC2639_ss.galfit.02 
Output image    : ../outputs/NGC2639_ss.fits 

 g  : sky       : [241.50, 160.00]    [5.27]  [0.00e+00]  [0.00e+00]
                                 [0.00]  [0.00e+00]  [0.00e+00]
 r  : sky       : [241.50, 160.00]    [2.88]  [0.00e+00]  [0.00e+00]
                                 [0.00]  [0.00e+00]  [0.00e+00]
 i  : sky       : [241.50, 160.00]    [3.47]  [0.00e+00]  [0.00e+00]
                                 [0.00]  [0.00e+00]  [0.00e+00]
 g  : sersic    : (  227.49,   163.36)   12.90     43.41    2.03    0.52   -88.41
                  (    0.00,     0.00)    0.00      0.00    0.00    0.00     0.00
 r  : sersic    : (  322.47,   247.57)   12.23     44.30    2.16    0.52   -88.41
                  (    0.00,     0.00)    0.00      0.00    0.00    0.00     0.00
 i  : sersic    : (  294.85,   214.96)   11.72     45.15    2.27    0.52   -88.41
                  (    0.00,     0.00)    0.00      0.00    0.00    0.00     0.00
 Chi^2 = 485965.51988,  ndof = 461263
 Chi^2/nu = 1.054 

-----------------------------------------------------------------------------
-----------------------------------------------------------------------------

Input images    : NGC2639_g.fits,NGC2639_r.fits,NGC2639_i.fits [1:482,1:319] 
Init. par. file : galfit.feedme 
Restart file    : ../outputs/NGC2639_ss.galfit.03 
Output image    : ../outputs/NGC2639_ss.fits 

 g  : sky       : [241.50, 160.00]    [5.27]  [0.00e+00]  [0.00e+00]
                                 [0.00]  [0.00e+00]  [0.00e+00]
 r  : sky       : [241.50, 160.00]    [2.88]  [0.00e+00]  [0.00e+00]
                                 [0.00]  [0.00e+00]  [0.00e+00]
 i  : sky       : [241.50, 160.00]    [3.47]  [0.00e+00]  [0.00e+00]
                                 [0.00]  [0.00e+00]  [0.00e+00]
 g  : sersic    : (  227.49,   163.36)   12.90     43.41    2.03    0.52   -88.41
                  (    0.00,     0.00)    0.00      0.00    0.00    0.00     0.00
 r  : sersic    : (  322.47,   247.57)   12.23     44.30    2.16    0.52   -88.41
                  (    0.00,     0.00)    0.00      0.00    0.00    0.00     0.00
 i  : sersic    : (  294.85,   214.96)   11.72     45.15    2.27    0.52   -88.41
                  (    0.00,     0.00)    0.00      0.00    0.00    0.00     0.00
 Chi^2 = 485965.51988,  ndof = 461263
 Chi^2/nu = 1.054 

-----------------------------------------------------------------------------
