-----------------------------------------------------------------------------

Input images    : NGC2639_g.fits,NGC2639_r.fits,NGC2639_i.fits [1:482,1:319] 
Init. par. file : galfit.feedme 
Restart file    : ../outputs/NGC2639_ss.galfit.01 
Output image    : ../outputs/NGC2639_ss.fits 

 g  : sky       : [241.50, 160.00]    [5.27]  [0.00e+00]  [0.00e+00]
                                 [0.00]  [0.00e+00]  [0.00e+00]
 r  : sky       : [241.50, 160.00]    [2.88]  [0.00e+00]  [0.00e+00]
                                 [0.00]  [0.00e+00]  [0.00e+00]
 i  : sky       : [241.50, 160.00]    [3.47]  [0.00e+00]  [0.00e+00]
                                 [0.00]  [0.00e+00]  [0.00e+00]
 g  : sersic    : (  227.49,   163.36)   12.90     43.41    2.03    0.52   -88.41
                  (    0.00,     0.00)    0.00      0.00    0.00    0.00     0.00
 r  : sersic    : (  322.47,   247.57)   12.23     44.30    2.16    0.52   -88.41
                  (    0.00,     0.00)    0.00      0.00    0.00    0.00     0.00
 i  : sersic    : (  294.85,   214.96)   11.72     45.15    2.27    0.52   -88.41
                  (    0.00,     0.00)    0.00      0.00    0.00    0.00     0.00
 Chi^2 = 485965.51988,  ndof = 461263
 Chi^2/nu = 1.054 

-----------------------------------------------------------------------------
-----------------------------------------------------------------------------

Input images    : NGC2639_g.fits,NGC2639_r.fits,NGC2639_i.fits [1:482,1:319] 
Init. par. file : galfit.feedme 
Restart file    : ../outputs/NGC2639_ss.galfit.02 
Output image    : ../outputs/NGC2639_ss.fits 

 g  : sky       : [241.50, 160.00]    [5.27]  [0.00e+00]  [0.00e+00]
                                 [0.00]  [0.00e+00]  [0.00e+00]
 r  : sky       : [241.50, 160.00]    [2.88]  [0.00e+00]  [0.00e+00]
                                 [0.00]  [0.00e+00]  [0.00e+00]
 i  : sky       : [241.50, 160.00]    [3.47]  [0.00e+00]  [0.00e+00]
                                 [0.00]  [0.00e+00]  [0.00e+00]
 g  : sersic    : (  227.49,   163.36)   12.90     43.41    2.03    0.52   -88.41
                  (    0.00,     0.00)    0.00      0.00    0.00    0.00     0.00
 r  : sersic    : (  322.47,   247.57)   12.23     44.30    2.16    0.52   -88.41
                  (    0.00,     0.00)    0.00      0.00    0.00    0.00     0.00
 i  : sersic    : (  294.85,   214.96)   11.72     45.15    2.27    0.52   -88.41
                  (    0.00,     0.00)    0.00      0.00    0.00    0.00     0.00
 Chi^2 = 485965.51988,  ndof = 461263
 Chi^2/nu = 1.054 

-----------------------------------------------------------------------------
-----------------------------------------------------------------------------

Input images    : NGC2639_g.fits,NGC2639_r.fits,NGC2639_i.fits [1:482,1:319] 
Init. par. file : galfit.feedme 
Restart file    : ../outputs/NGC2639_ss.galfit.03 
Output image    : ../outputs/NGC2639_ss.fits 

 g  : sky       : [241.50, 160.00]    [5.27]  [0.00e+00]  [0.00e+00]
                                 [0.00]  [0.00e+00]  [0.00e+00]
 r  : sky       : [241.50, 160.00]    [2.88]  [0.00e+00]  [0.00e+00]
                                 [0.00]  [0.00e+00]  [0.00e+00]
 i  : sky       : [241.50, 160.00]    [3.47]  [0.00e+00]  [0.00e+00]
                                 [0.00]  [0.00e+00]  [0.00e+00]
 g  : sersic    : (  227.49,   163.36)   12.90     43.41    2.03    0.52   -88.41
                  (    0.00,     0.00)    0.00      0.00    0.00    0.00     0.00
 r  : sersic    : (  322.47,   247.57)   12.23     44.30    2.16    0.52   -88.41
                  (    0.00,     0.00)    0.00      0.00    0.00    0.00     0.00
 i  : sersic    : (  294.85,   214.96)   11.72     45.15    2.27    0.52   -88.41
                  (    0.00,     0.00)    0.00      0.00    0.00    0.00     0.00
 Chi^2 = 485965.51988,  ndof = 461263
 Chi^2/nu = 1.054 

-----------------------------------------------------------------------------
-----------------------------------------------------------------------------

Input images    : NGC2639_g.fits,NGC2639_r.fits,NGC2639_i.fits [1:482,1:319] 
Init. par. file : galfit.feedme 
Restart file    : galfit.01 
Output image    : ../outputs/NGC2639_ss.fits 

 sky       : [241.50, 160.00]   [5.27]  [0.00e+00]  [0.00e+00]
                                [0.00]  [0.00e+00]  [0.00e+00]
 sersic    : (  227.51,   163.31)   12.91   43.28    1.99    0.52  -88.39
               (  0.00,     0.00)    0.00    0.00    0.00    0.00    0.00
 Chi^2 = 426981.12437,  ndof = 461263
 Chi^2/nu = 0.926 

-----------------------------------------------------------------------------
-----------------------------------------------------------------------------

Input images    : NGC2639_g.fits,NGC2639_r.fits,NGC2639_i.fits [1:482,1:319] 
Init. par. file : galfit.feedme 
Restart file    : galfit.02 
Output image    : ../outputs/NGC2639_ss.fits 

 sky       : [241.50, 160.00]   [5.27]  [0.00e+00]  [0.00e+00]
                                [0.00]  [0.00e+00]  [0.00e+00]
 sersic    : (  227.51,   163.31)   12.91   43.28    1.99    0.52  -88.39
               (  0.00,     0.00)    0.00    0.00    0.00    0.00    0.00
 Chi^2 = 426981.12437,  ndof = 461263
 Chi^2/nu = 0.926 

-----------------------------------------------------------------------------
-----------------------------------------------------------------------------

Input images    : NGC2639_g.fits,NGC2639_r.fits,NGC2639_i.fits [1:482,1:319] 
Init. par. file : galfit.feedme 
Restart file    : galfit.03 
Output image    : ../outputs/NGC2639_ss.fits 

 sky       : [241.50, 160.00]   [5.27]  [0.00e+00]  [0.00e+00]
                                [0.00]  [0.00e+00]  [0.00e+00]
 sersic    : (  227.51,   163.31)   12.91   43.28    1.99    0.52  -88.39
               (  0.00,     0.00)    0.00    0.00    0.00    0.00    0.00
 Chi^2 = 426981.12437,  ndof = 461263
 Chi^2/nu = 0.926 

-----------------------------------------------------------------------------
-----------------------------------------------------------------------------

Input images    : NGC2639_g.fits,NGC2639_r.fits,NGC2639_i.fits [1:482,1:319] 
Init. par. file : galfit.feedme 
Restart file    : ../outputs/NGC2639_ss.galfit.01 
Output image    : ../outputs/NGC2639_ss.fits 

 g  : sky       : [241.50, 160.00]    [5.27]  [0.00e+00]  [0.00e+00]
                                 [0.00]  [0.00e+00]  [0.00e+00]
 r  : sky       : [241.50, 160.00]    [2.88]  [0.00e+00]  [0.00e+00]
                                 [0.00]  [0.00e+00]  [0.00e+00]
 i  : sky       : [241.50, 160.00]    [3.47]  [0.00e+00]  [0.00e+00]
                                 [0.00]  [0.00e+00]  [0.00e+00]
 g  : sersic    : (  227.49,   163.36)   12.90     43.41    2.03    0.52   -88.41
                  (    0.00,     0.00)    0.00      0.00    0.00    0.00     0.00
 r  : sersic    : (  322.47,   247.57)   12.23     44.30    2.16    0.52   -88.41
                  (    0.00,     0.00)    0.00      0.00    0.00    0.00     0.00
 i  : sersic    : (  294.85,   214.96)   11.72     45.15    2.27    0.52   -88.41
                  (    0.00,     0.00)    0.00      0.00    0.00    0.00     0.00
 Chi^2 = 485965.51988,  ndof = 461263
 Chi^2/nu = 1.054 

-----------------------------------------------------------------------------
-----------------------------------------------------------------------------

Input images    : NGC2639_g.fits,NGC2639_r.fits,NGC2639_i.fits [1:482,1:319] 
Init. par. file : galfit.feedme 
Restart file    : ../outputs/NGC2639_ss.galfit.02 
Output image    : ../outputs/NGC2639_ss.fits 

 g  : sky       : [241.50, 160.00]    [5.27]  [0.00e+00]  [0.00e+00]
                                 [0.00]  [0.00e+00]  [0.00e+00]
 r  : sky       : [241.50, 160.00]    [2.88]  [0.00e+00]  [0.00e+00]
                                 [0.00]  [0.00e+00]  [0.00e+00]
 i  : sky       : [241.50, 160.00]    [3.47]  [0.00e+00]  [0.00e+00]
                                 [0.00]  [0.00e+00]  [0.00e+00]
 g  : sersic    : (  227.49,   163.36)   12.90     43.41    2.03    0.52   -88.41
                  (    0.00,     0.00)    0.00      0.00    0.00    0.00     0.00
 r  : sersic    : (  322.47,   247.57)   12.23     44.30    2.16    0.52   -88.41
                  (    0.00,     0.00)    0.00      0.00    0.00    0.00     0.00
 i  : sersic    : (  294.85,   214.96)   11.72     45.15    2.27    0.52   -88.41
                  (    0.00,     0.00)    0.00      0.00    0.00    0.00     0.00
 Chi^2 = 485965.51988,  ndof = 461263
 Chi^2/nu = 1.054 

-----------------------------------------------------------------------------
-----------------------------------------------------------------------------

Input images    : NGC2639_g.fits,NGC2639_r.fits,NGC2639_i.fits [1:482,1:319] 
Init. par. file : galfit.feedme 
Restart file    : ../outputs/NGC2639_ss.galfit.03 
Output image    : ../outputs/NGC2639_ss.fits 

 g  : sky       : [241.50, 160.00]    [5.27]  [0.00e+00]  [0.00e+00]
                                 [0.00]  [0.00e+00]  [0.00e+00]
 r  : sky       : [241.50, 160.00]    [2.88]  [0.00e+00]  [0.00e+00]
                                 [0.00]  [0.00e+00]  [0.00e+00]
 i  : sky       : [241.50, 160.00]    [3.47]  [0.00e+00]  [0.00e+00]
                                 [0.00]  [0.00e+00]  [0.00e+00]
 g  : sersic    : (  227.49,   163.36)   12.90     43.41    2.03    0.52   -88.41
                  (    0.00,     0.00)    0.00      0.00    0.00    0.00     0.00
 r  : sersic    : (  322.47,   247.57)   12.23     44.30    2.16    0.52   -88.41
                  (    0.00,     0.00)    0.00      0.00    0.00    0.00     0.00
 i  : sersic    : (  294.85,   214.96)   11.72     45.15    2.27    0.52   -88.41
                  (    0.00,     0.00)    0.00      0.00    0.00    0.00     0.00
 Chi^2 = 485965.51988,  ndof = 461263
 Chi^2/nu = 1.054 

-----------------------------------------------------------------------------
-----------------------------------------------------------------------------

Input images    : NGC2639_g.fits,NGC2639_r.fits,NGC2639_i.fits [1:482,1:319] 
Init. par. file : galfit.feedme 
Restart file    : ../outputs/NGC2639_ss.galfit.04 
Output image    : ../outputs/NGC2639_ss.fits 

 g  : sky       : [241.50, 160.00]    [5.27]  [0.00e+00]  [0.00e+00]
                                 [0.00]  [0.00e+00]  [0.00e+00]
 r  : sky       : [241.50, 160.00]    [2.88]  [0.00e+00]  [0.00e+00]
                                 [0.00]  [0.00e+00]  [0.00e+00]
 i  : sky       : [241.50, 160.00]    [3.47]  [0.00e+00]  [0.00e+00]
                                 [0.00]  [0.00e+00]  [0.00e+00]
 g  : sersic    : (  227.49,   163.36)   12.90     43.41    2.03    0.52   -88.41
                  (    0.00,     0.00)    0.00      0.00    0.00    0.00     0.00
 r  : sersic    : (  322.47,   247.57)   12.23     44.30    2.16    0.52   -88.41
                  (    0.00,     0.00)    0.00      0.00    0.00    0.00     0.00
 i  : sersic    : (  294.85,   214.96)   11.72     45.15    2.27    0.52   -88.41
                  (    0.00,     0.00)    0.00      0.00    0.00    0.00     0.00
 Chi^2 = 485965.51988,  ndof = 461263
 Chi^2/nu = 1.054 

-----------------------------------------------------------------------------
-----------------------------------------------------------------------------

Input images    : NGC2639_g.fits,NGC2639_r.fits,NGC2639_i.fits [1:482,1:319] 
Init. par. file : galfit.feedme 
Restart file    : ../outputs/NGC2639_ss.galfit.05 
Output image    : ../outputs/NGC2639_ss.fits 

 g  : sky       : [241.50, 160.00]    [5.27]  [0.00e+00]  [0.00e+00]
                                 [0.00]  [0.00e+00]  [0.00e+00]
 r  : sky       : [241.50, 160.00]    [2.88]  [0.00e+00]  [0.00e+00]
                                 [0.00]  [0.00e+00]  [0.00e+00]
 i  : sky       : [241.50, 160.00]    [3.47]  [0.00e+00]  [0.00e+00]
                                 [0.00]  [0.00e+00]  [0.00e+00]
 g  : sersic    : (  227.49,   163.36)   12.90     43.41    2.03    0.52   -88.41
                  (    0.00,     0.00)    0.00      0.00    0.00    0.00     0.00
 r  : sersic    : (  322.47,   247.57)   12.23     44.30    2.16    0.52   -88.41
                  (    0.00,     0.00)    0.00      0.00    0.00    0.00     0.00
 i  : sersic    : (  294.85,   214.96)   11.72     45.15    2.27    0.52   -88.41
                  (    0.00,     0.00)    0.00      0.00    0.00    0.00     0.00
 Chi^2 = 485965.51988,  ndof = 461263
 Chi^2/nu = 1.054 

-----------------------------------------------------------------------------
-----------------------------------------------------------------------------

Input images    : NGC2639_g.fits,NGC2639_r.fits,NGC2639_i.fits [1:482,1:319] 
Init. par. file : galfit.feedme 
Restart file    : ../outputs/NGC2639_ss.galfit.06 
Output image    : ../outputs/NGC2639_ss.fits 

 g  : sky       : [241.50, 160.00]    [5.27]  [0.00e+00]  [0.00e+00]
                                 [0.00]  [0.00e+00]  [0.00e+00]
 r  : sky       : [241.50, 160.00]    [2.88]  [0.00e+00]  [0.00e+00]
                                 [0.00]  [0.00e+00]  [0.00e+00]
 i  : sky       : [241.50, 160.00]    [3.47]  [0.00e+00]  [0.00e+00]
                                 [0.00]  [0.00e+00]  [0.00e+00]
 g  : sersic    : (  227.49,   163.36)   12.90     43.41    2.03    0.52   -88.41
                  (    0.00,     0.00)    0.00      0.00    0.00    0.00     0.00
 r  : sersic    : (  322.47,   247.57)   12.23     44.30    2.16    0.52   -88.41
                  (    0.00,     0.00)    0.00      0.00    0.00    0.00     0.00
 i  : sersic    : (  294.85,   214.96)   11.72     45.15    2.27    0.52   -88.41
                  (    0.00,     0.00)    0.00      0.00    0.00    0.00     0.00
 Chi^2 = 485965.51988,  ndof = 461263
 Chi^2/nu = 1.054 

-----------------------------------------------------------------------------
-----------------------------------------------------------------------------

Input images    : NGC2639_g.fits,NGC2639_r.fits,NGC2639_i.fits [1:482,1:319] 
Init. par. file : galfit.feedme 
Restart file    : ../outputs/NGC2639_ss.galfit.07 
Output image    : ../outputs/NGC2639_ss.fits 

 g  : sky       : [241.50, 160.00]    [5.27]  [0.00e+00]  [0.00e+00]
                                 [0.00]  [0.00e+00]  [0.00e+00]
 r  : sky       : [241.50, 160.00]    [2.88]  [0.00e+00]  [0.00e+00]
                                 [0.00]  [0.00e+00]  [0.00e+00]
 i  : sky       : [241.50, 160.00]    [3.47]  [0.00e+00]  [0.00e+00]
                                 [0.00]  [0.00e+00]  [0.00e+00]
 g  : sersic    : (  227.49,   163.36)   12.90     43.41    2.03    0.52   -88.41
                  (    0.00,     0.00)    0.00      0.00    0.00    0.00     0.00
 r  : sersic    : (  322.47,   247.57)   12.23     44.30    2.16    0.52   -88.41
                  (    0.00,     0.00)    0.00      0.00    0.00    0.00     0.00
 i  : sersic    : (  294.85,   214.96)   11.72     45.15    2.27    0.52   -88.41
                  (    0.00,     0.00)    0.00      0.00    0.00    0.00     0.00
 Chi^2 = 485965.51988,  ndof = 461263
 Chi^2/nu = 1.054 

-----------------------------------------------------------------------------
-----------------------------------------------------------------------------

Input images    : NGC2639_g.fits,NGC2639_r.fits,NGC2639_i.fits [1:482,1:319] 
Init. par. file : galfit.feedme 
Restart file    : ../outputs/NGC2639_ss.galfit.08 
Output image    : ../outputs/NGC2639_ss.fits 

 g  : sky       : [241.50, 160.00]    [5.27]  [0.00e+00]  [0.00e+00]
                                 [0.00]  [0.00e+00]  [0.00e+00]
 r  : sky       : [241.50, 160.00]    [2.88]  [0.00e+00]  [0.00e+00]
                                 [0.00]  [0.00e+00]  [0.00e+00]
 i  : sky       : [241.50, 160.00]    [3.47]  [0.00e+00]  [0.00e+00]
                                 [0.00]  [0.00e+00]  [0.00e+00]
 g  : sersic    : (  227.49,   163.36)   12.90     43.41    2.03    0.52   -88.41
                  (    0.00,     0.00)    0.00      0.00    0.00    0.00     0.00
 r  : sersic    : (  322.47,   247.57)   12.23     44.30    2.16    0.52   -88.41
                  (    0.00,     0.00)    0.00      0.00    0.00    0.00     0.00
 i  : sersic    : (  294.85,   214.96)   11.72     45.15    2.27    0.52   -88.41
                  (    0.00,     0.00)    0.00      0.00    0.00    0.00     0.00
 Chi^2 = 485965.51988,  ndof = 461263
 Chi^2/nu = 1.054 

-----------------------------------------------------------------------------
-----------------------------------------------------------------------------

Input images    : NGC2639_g.fits,NGC2639_r.fits,NGC2639_i.fits [1:482,1:319] 
Init. par. file : galfit.feedme 
Restart file    : ../outputs/NGC2639_ss.galfit.09 
Output image    : ../outputs/NGC2639_ss.fits 

 g  : sky       : [241.50, 160.00]    [5.27]  [0.00e+00]  [0.00e+00]
                                 [0.00]  [0.00e+00]  [0.00e+00]
 r  : sky       : [241.50, 160.00]    [2.88]  [0.00e+00]  [0.00e+00]
                                 [0.00]  [0.00e+00]  [0.00e+00]
 i  : sky       : [241.50, 160.00]    [3.47]  [0.00e+00]  [0.00e+00]
                                 [0.00]  [0.00e+00]  [0.00e+00]
 g  : sersic    : (  227.49,   163.36)   12.90     43.41    2.03    0.52   -88.41
                  (    0.00,     0.00)    0.00      0.00    0.00    0.00     0.00
 r  : sersic    : (  322.47,   247.57)   12.23     44.30    2.16    0.52   -88.41
                  (    0.00,     0.00)    0.00      0.00    0.00    0.00     0.00
 i  : sersic    : (  294.85,   214.96)   11.72     45.15    2.27    0.52   -88.41
                  (    0.00,     0.00)    0.00      0.00    0.00    0.00     0.00
 Chi^2 = 485965.51988,  ndof = 461263
 Chi^2/nu = 1.054 

-----------------------------------------------------------------------------
-----------------------------------------------------------------------------

Input images    : NGC2639_g.fits,NGC2639_r.fits,NGC2639_i.fits [1:482,1:319] 
Init. par. file : galfit.feedme 
Restart file    : galfit.04 
Output image    : ../outputs/NGC2639_bd.fits 

 sky       : [241.50, 160.00]   [3.64]  [0.00e+00]  [0.00e+00]
                                [0.00]  [0.00e+00]  [0.00e+00]
 sersic    : ([227.49], [163.36])   13.53   44.90    3.79    0.64  -85.70
               ([0.00],   [0.00])    0.00    0.00    0.00    0.00    0.00
 expdisk   : ([227.49], [163.36])   13.68   29.56    0.42   89.98
               ([0.00],   [0.00])    0.00    0.00    0.00    0.00
 Chi^2 = 354486.13327,  ndof = 461258
 Chi^2/nu = 0.769 

-----------------------------------------------------------------------------
-----------------------------------------------------------------------------

Input images    : NGC2639_g.fits,NGC2639_r.fits,NGC2639_i.fits [1:482,1:319] 
Init. par. file : galfit.feedme 
Restart file    : galfit.05 
Output image    : ../outputs/NGC2639_bd.fits 

 sky       : [241.50, 160.00]   [3.64]  [0.00e+00]  [0.00e+00]
                                [0.00]  [0.00e+00]  [0.00e+00]
 sersic    : ([227.49], [163.36])   13.53   44.90    3.79    0.64  -85.70
               ([0.00],   [0.00])    0.00    0.00    0.00    0.00    0.00
 expdisk   : ([227.49], [163.36])   13.68   29.56    0.42   89.98
               ([0.00],   [0.00])    0.00    0.00    0.00    0.00
 Chi^2 = 354486.13327,  ndof = 461258
 Chi^2/nu = 0.769 

-----------------------------------------------------------------------------
-----------------------------------------------------------------------------

Input images    : NGC2639_g.fits,NGC2639_r.fits,NGC2639_i.fits [1:482,1:319] 
Init. par. file : galfit.feedme 
Restart file    : galfit.06 
Output image    : ../outputs/NGC2639_bd.fits 

 sky       : [241.50, 160.00]   [3.64]  [0.00e+00]  [0.00e+00]
                                [0.00]  [0.00e+00]  [0.00e+00]
 sersic    : ([227.49], [163.36])   13.53   44.90    3.79    0.64  -85.70
               ([0.00],   [0.00])    0.00    0.00    0.00    0.00    0.00
 expdisk   : ([227.49], [163.36])   13.68   29.56    0.42   89.98
               ([0.00],   [0.00])    0.00    0.00    0.00    0.00
 Chi^2 = 354486.13327,  ndof = 461258
 Chi^2/nu = 0.769 

-----------------------------------------------------------------------------
