[INFO    ] *********************************************
[INFO    ] *** Session started @ 2017-05-10 16:08:46 ***
[INFO    ] *********************************************
[INFO    ] $ Logging to console $
[INFO    ] $ Logging to file 'python.log' $
[INFO    ] AUTO LOAD: max file size: 1.25829e+06
[INFO    ] Imported collaborator package 'f311.filetypes'
[INFO    ] Imported collaborator package 'f311.explorer'
[INFO    ] *********************************************
[INFO    ] *** Session started @ 2017-05-10 16:50:04 ***
[INFO    ] *********************************************
[INFO    ] $ Logging to console $
[INFO    ] $ Logging to file 'python.log' $
[INFO    ] AUTO LOAD: max file size: 1.25829e+06
[INFO    ] Imported collaborator package 'f311.filetypes'
[INFO    ] *********************************************
[INFO    ] *** Session started @ 2017-05-10 16:59:49 ***
[INFO    ] *********************************************
[INFO    ] $ Logging to console $
[INFO    ] $ Logging to file 'python.log' $
[INFO    ] AUTO LOAD: max file size: 1.25829e+06
[INFO    ] Imported collaborator package 'f311.filetypes'
[INFO    ] Imported collaborator package 'f311.explorer'
[INFO    ] *********************************************
[INFO    ] *** Session started @ 2017-05-15 19:43:24 ***
[INFO    ] *********************************************
[INFO    ] $ Logging to console $
[INFO    ] $ Logging to file 'python.log' $
[INFO    ] AUTO LOAD: max file size: 1.25829e+06
[INFO    ] Imported collaborator package 'f311.filetypes'
[INFO    ] Imported collaborator package 'f311.explorer'
[INFO    ] *********************************************
[INFO    ] *** Session started @ 2017-05-15 19:53:45 ***
[INFO    ] *********************************************
[INFO    ] $ Logging to console $
[INFO    ] $ Logging to file 'python.log' $
[INFO    ] AUTO LOAD: max file size: 1.25829e+06
[INFO    ] Imported collaborator package 'f311.filetypes'
[INFO    ] Imported collaborator package 'f311.explorer'
[INFO    ] *********************************************
[INFO    ] *** Session started @ 2017-05-15 20:07:29 ***
[INFO    ] *********************************************
[INFO    ] $ Logging to console $
[INFO    ] $ Logging to file 'python.log' $
[INFO    ] AUTO LOAD: max file size: 1.25829e+06
[INFO    ] Imported collaborator package 'f311.filetypes'
[INFO    ] Imported collaborator package 'f311.explorer'
[INFO    ] *********************************************
[INFO    ] *** Session started @ 2017-05-25 21:26:55 ***
[INFO    ] *********************************************
[INFO    ] $ Logging to console $
[INFO    ] $ Logging to file 'python.log' $
[INFO    ] AUTO LOAD: max file size: 1.25829e+06
[INFO    ] Imported collaborator package 'f311.filetypes'
[INFO    ] Imported collaborator package 'f311.explorer'
[INFO    ] *********************************************
[INFO    ] *** Session started @ 2017-05-25 21:27:18 ***
[INFO    ] *********************************************
[INFO    ] $ Logging to console $
[INFO    ] $ Logging to file 'python.log' $
[INFO    ] AUTO LOAD: max file size: 1.25829e+06
[INFO    ] Imported collaborator package 'f311.filetypes'
[INFO    ] Imported collaborator package 'f311.explorer'
[INFO    ] *********************************************
[INFO    ] *** Session started @ 2017-05-25 21:28:09 ***
[INFO    ] *********************************************
[INFO    ] $ Logging to console $
[INFO    ] $ Logging to file 'python.log' $
[INFO    ] AUTO LOAD: max file size: 1.25829e+06
[INFO    ] Imported collaborator package 'f311.filetypes'
[INFO    ] Imported collaborator package 'f311.explorer'
[INFO    ] *********************************************
[INFO    ] *** Session started @ 2017-11-08 12:26:13 ***
[INFO    ] *********************************************
[INFO    ] $ Logging to console $
[INFO    ] $ Logging to file 'python.log' $
[INFO    ] AUTO LOAD: max file size: 1.25829e+06
[INFO    ] Imported collaborator package 'f311.filetypes'
[INFO    ] Imported collaborator package 'f311.explorer'
[INFO    ] Imported collaborator package 'convmolworks'
